<?xml version="1.0" encoding="UTF-8"?>
<!-- Generated by org.testng.reporters.JUnitXMLReporter -->
<testsuite ignored="4" hostname="DESKTOP-Q2A1GCU" failures="0" tests="2" name="Test" time="73.778" errors="0" timestamp="2025-08-13T12:44:17 IST">
  <testcase classname="TestScripts.TC01_Verify_user_is_able_to_add_address_or_not_Test" name="addAddress" time="20.722"/>
  <testcase classname="TestScripts.TC02_Verify_user_is_able_to_delete_address_or_not_Test" name="deleteAddress" time="10.516"/>
  <testcase classname="GenericUtility.BaseClass" name="@BeforeTest beforeTest" time="0.0">
    <ignored/>
  </testcase> <!-- @BeforeTest beforeTest -->
  <testcase classname="GenericUtility.BaseClass" name="@BeforeSuite beforeSuite" time="0.0">
    <ignored/>
  </testcase> <!-- @BeforeSuite beforeSuite -->
  <testcase classname="GenericUtility.BaseClass" name="@AfterTest afterTest" time="0.0">
    <ignored/>
  </testcase> <!-- @AfterTest afterTest -->
  <testcase classname="GenericUtility.BaseClass" name="@AfterSuite afterSuite" time="0.0">
    <ignored/>
  </testcase> <!-- @AfterSuite afterSuite -->
</testsuite> <!-- Test -->
