<?xml version="1.0" encoding="UTF-8"?>
<testng-results ignored="0" total="1" passed="1" failed="0" skipped="0">
  <reporter-output>
  </reporter-output>
  <suite started-at="2025-08-19T12:14:30 IST" name="Default suite" finished-at="2025-08-19T12:15:10 IST" duration-ms="40158">
    <groups>
    </groups>
    <test started-at="2025-08-19T12:14:30 IST" name="Default test" finished-at="2025-08-19T12:15:10 IST" duration-ms="40158">
      <class name="TestScripts.TC02_Verify_user_is_able_to_delete_address_or_not_Test">
        <test-method is-config="true" signature="beforeSuite()[pri:0, instance:TestScripts.TC02_Verify_user_is_able_to_delete_address_or_not_Test@45b4c3a9]" started-at="2025-08-19T12:14:30 IST" name="beforeSuite" finished-at="2025-08-19T12:14:30 IST" duration-ms="50" status="PASS">
          <reporter-output>
          </reporter-output>
        </test-method> <!-- beforeSuite -->
        <test-method is-config="true" signature="beforeTest()[pri:0, instance:TestScripts.TC02_Verify_user_is_able_to_delete_address_or_not_Test@45b4c3a9]" started-at="2025-08-19T12:14:30 IST" name="beforeTest" finished-at="2025-08-19T12:14:31 IST" duration-ms="980" status="PASS">
          <reporter-output>
          </reporter-output>
        </test-method> <!-- beforeTest -->
        <test-method is-config="true" signature="beforeClass()[pri:0, instance:TestScripts.TC02_Verify_user_is_able_to_delete_address_or_not_Test@45b4c3a9]" started-at="2025-08-19T12:14:31 IST" name="beforeClass" finished-at="2025-08-19T12:14:39 IST" duration-ms="8127" status="PASS">
          <reporter-output>
          </reporter-output>
        </test-method> <!-- beforeClass -->
        <test-method is-config="true" signature="beforeMethod()[pri:0, instance:TestScripts.TC02_Verify_user_is_able_to_delete_address_or_not_Test@45b4c3a9]" started-at="2025-08-19T12:14:39 IST" name="beforeMethod" finished-at="2025-08-19T12:14:50 IST" duration-ms="11172" status="PASS">
          <reporter-output>
          </reporter-output>
        </test-method> <!-- beforeMethod -->
        <test-method signature="deleteAddress()[pri:0, instance:TestScripts.TC02_Verify_user_is_able_to_delete_address_or_not_Test@45b4c3a9]" started-at="2025-08-19T12:14:50 IST" name="deleteAddress" finished-at="2025-08-19T12:15:02 IST" duration-ms="11984" status="PASS">
          <reporter-output>
          </reporter-output>
        </test-method> <!-- deleteAddress -->
        <test-method is-config="true" signature="afterMethod()[pri:0, instance:TestScripts.TC02_Verify_user_is_able_to_delete_address_or_not_Test@45b4c3a9]" started-at="2025-08-19T12:15:02 IST" name="afterMethod" finished-at="2025-08-19T12:15:02 IST" duration-ms="1" status="PASS">
          <reporter-output>
          </reporter-output>
        </test-method> <!-- afterMethod -->
        <test-method is-config="true" signature="afterClass()[pri:0, instance:TestScripts.TC02_Verify_user_is_able_to_delete_address_or_not_Test@45b4c3a9]" started-at="2025-08-19T12:15:02 IST" name="afterClass" finished-at="2025-08-19T12:15:09 IST" duration-ms="6544" status="PASS">
          <reporter-output>
          </reporter-output>
        </test-method> <!-- afterClass -->
        <test-method is-config="true" signature="afterTest()[pri:0, instance:TestScripts.TC02_Verify_user_is_able_to_delete_address_or_not_Test@45b4c3a9]" started-at="2025-08-19T12:15:09 IST" name="afterTest" finished-at="2025-08-19T12:15:10 IST" duration-ms="1213" status="PASS">
          <reporter-output>
          </reporter-output>
        </test-method> <!-- afterTest -->
        <test-method is-config="true" signature="afterSuite()[pri:0, instance:TestScripts.TC02_Verify_user_is_able_to_delete_address_or_not_Test@45b4c3a9]" started-at="2025-08-19T12:15:10 IST" name="afterSuite" finished-at="2025-08-19T12:15:10 IST" duration-ms="1" status="PASS">
          <reporter-output>
          </reporter-output>
        </test-method> <!-- afterSuite -->
      </class> <!-- TestScripts.TC02_Verify_user_is_able_to_delete_address_or_not_Test -->
    </test> <!-- Default test -->
  </suite> <!-- Default suite -->
</testng-results>
